0 info it worked if it ends with ok
1 verbose cli [ '/usr/bin/node', '/usr/bin/npm', 'run', 'client' ]
2 info using npm@3.5.2
3 info using node@v8.10.0
4 verbose run-script [ 'preclient', 'client', 'postclient' ]
5 info lifecycle btpn@1.0.0~preclient: btpn@1.0.0
6 silly lifecycle btpn@1.0.0~preclient: no script for preclient, continuing
7 info lifecycle btpn@1.0.0~client: btpn@1.0.0
8 verbose lifecycle btpn@1.0.0~client: unsafe-perm in lifecycle true
9 verbose lifecycle btpn@1.0.0~client: PATH: /usr/share/npm/bin/node-gyp-bin:/home/azharuddin/Documents/gitlap/server/node_modules/.bin:/usr/share/npm/bin/node-gyp-bin:/home/azharuddin/Documents/gitlap/server/node_modules/.bin:/usr/local/sbin:/usr/local/bin:/usr/sbin:/usr/bin:/sbin:/bin:/usr/games:/usr/local/games:/snap/bin
10 verbose lifecycle btpn@1.0.0~client: CWD: /home/azharuddin/Documents/gitlap/server
11 silly lifecycle btpn@1.0.0~client: Args: [ '-c', 'npm start --prefix client' ]
12 silly lifecycle btpn@1.0.0~client: Returned: code: 254  signal: null
13 info lifecycle btpn@1.0.0~client: Failed to exec client script
14 verbose stack Error: btpn@1.0.0 client: `npm start --prefix client`
14 verbose stack Exit status 254
14 verbose stack     at EventEmitter.<anonymous> (/usr/share/npm/lib/utils/lifecycle.js:232:16)
14 verbose stack     at emitTwo (events.js:126:13)
14 verbose stack     at EventEmitter.emit (events.js:214:7)
14 verbose stack     at ChildProcess.<anonymous> (/usr/share/npm/lib/utils/spawn.js:24:14)
14 verbose stack     at emitTwo (events.js:126:13)
14 verbose stack     at ChildProcess.emit (events.js:214:7)
14 verbose stack     at maybeClose (internal/child_process.js:925:16)
14 verbose stack     at Process.ChildProcess._handle.onexit (internal/child_process.js:209:5)
15 verbose pkgid btpn@1.0.0
16 verbose cwd /home/azharuddin/Documents/gitlap/server
17 error Linux 4.15.0-36-generic
18 error argv "/usr/bin/node" "/usr/bin/npm" "run" "client"
19 error node v8.10.0
20 error npm  v3.5.2
21 error code ELIFECYCLE
22 error btpn@1.0.0 client: `npm start --prefix client`
22 error Exit status 254
23 error Failed at the btpn@1.0.0 client script 'npm start --prefix client'.
23 error Make sure you have the latest version of node.js and npm installed.
23 error If you do, this is most likely a problem with the btpn package,
23 error not with npm itself.
23 error Tell the author that this fails on your system:
23 error     npm start --prefix client
23 error You can get information on how to open an issue for this project with:
23 error     npm bugs btpn
23 error Or if that isn't available, you can get their info via:
23 error     npm owner ls btpn
23 error There is likely additional logging output above.
24 verbose exit [ 1, true ]
